<?xml version="1.0" encoding="UTF-8"?>
<testsuites name="jest tests" tests="2" failures="0" time="0.778">
  <testsuite name="Random Movies API Endpoints..." errors="0" failures="0" skipped="0" timestamp="2020-01-29T13:24:10" time="0.477" tests="2">
    <testcase classname="Random Movies API Endpoints... /v1/movie" name="Random Movies API Endpoints... /v1/movie" time="0.017">
    </testcase>
    <testcase classname="Random Movies API Endpoints... /v1/movie/:director" name="Random Movies API Endpoints... /v1/movie/:director" time="0.003">
    </testcase>
  </testsuite>
</testsuites>