TN:
SF:/home/detonih/codenation/nodejs-8/src/server.js
FN:9,(anonymous_0)
FN:11,(anonymous_1)
FN:20,(anonymous_2)
FN:24,(anonymous_3)
FN:33,(anonymous_4)
FN:37,(anonymous_5)
FN:41,(anonymous_6)
FN:46,(anonymous_7)
FN:55,(anonymous_8)
FN:59,(anonymous_9)
FNF:10
FNH:10
FNDA:3,(anonymous_0)
FNDA:3,(anonymous_1)
FNDA:3,(anonymous_2)
FNDA:3,(anonymous_3)
FNDA:3,(anonymous_4)
FNDA:3,(anonymous_5)
FNDA:3,(anonymous_6)
FNDA:3,(anonymous_7)
FNDA:2,(anonymous_8)
FNDA:2,(anonymous_9)
DA:1,1
DA:2,1
DA:3,1
DA:5,1
DA:7,1
DA:9,1
DA:10,3
DA:12,3
DA:20,1
DA:21,3
DA:23,3
DA:25,3
DA:26,1
DA:28,2
DA:33,1
DA:34,3
DA:36,3
DA:37,3
DA:41,1
DA:42,3
DA:43,3
DA:45,3
DA:47,3
DA:48,1
DA:50,2
DA:55,1
DA:56,2
DA:58,2
DA:60,2
DA:61,1
DA:63,1
DA:68,1
LF:32
LH:32
BRDA:25,0,0,1
BRDA:25,0,1,2
BRDA:47,1,0,1
BRDA:47,1,1,2
BRDA:60,2,0,1
BRDA:60,2,1,1
BRF:6
BRH:6
end_of_record
TN:
SF:/home/detonih/codenation/nodejs-8/src/model/index.js
FN:7,(anonymous_0)
FN:9,(anonymous_1)
FN:22,(anonymous_2)
FN:25,(anonymous_3)
FN:25,(anonymous_4)
FN:31,(anonymous_5)
FN:31,(anonymous_6)
FN:46,(anonymous_7)
FN:46,(anonymous_8)
FN:63,(anonymous_9)
FN:63,(anonymous_10)
FNF:11
FNH:11
FNDA:14,(anonymous_0)
FNDA:4,(anonymous_1)
FNDA:3,(anonymous_2)
FNDA:3,(anonymous_3)
FNDA:3,(anonymous_4)
FNDA:3,(anonymous_5)
FNDA:3,(anonymous_6)
FNDA:3,(anonymous_7)
FNDA:3,(anonymous_8)
FNDA:2,(anonymous_9)
FNDA:2,(anonymous_10)
DA:1,1
DA:2,1
DA:3,1
DA:5,1
DA:7,14
DA:9,1
DA:10,4
DA:12,4
DA:13,4
DA:14,4
DA:16,0
DA:20,1
DA:22,3
DA:25,3
DA:26,3
DA:27,3
DA:31,3
DA:32,3
DA:33,3
DA:34,3
DA:40,3
DA:42,3
DA:46,3
DA:47,3
DA:49,3
DA:50,1
DA:53,2
DA:59,2
DA:63,2
DA:64,2
DA:66,2
DA:67,1
DA:68,1
DA:70,1
DA:73,1
DA:78,1
LF:36
LH:35
BRDA:3,0,0,1
BRDA:3,0,1,0
BRDA:49,1,0,1
BRDA:49,1,1,2
BRDA:66,2,0,1
BRDA:66,2,1,1
BRF:6
BRH:5
end_of_record
TN:
SF:/home/detonih/codenation/nodejs-8/src/model/schema.js
FNF:0
FNH:0
DA:1,1
LF:1
LH:1
BRF:0
BRH:0
end_of_record
TN:
SF:/home/detonih/codenation/nodejs-8/test/utils.js
FN:5,(anonymous_0)
FN:7,(anonymous_1)
FN:12,(anonymous_2)
FNF:3
FNH:3
FNDA:1,(anonymous_0)
FNDA:1,(anonymous_1)
FNDA:1,(anonymous_2)
DA:1,1
DA:2,1
DA:3,1
DA:5,1
DA:7,1
DA:8,1
DA:9,1
DA:12,1
DA:13,1
DA:14,1
DA:17,1
LF:11
LH:11
BRF:0
BRH:0
end_of_record
