<?xml version="1.0" encoding="UTF-8"?>
<testsuites name="jest tests" tests="5" failures="1" time="1.132">
  <testsuite name="Adoptable Pets API Endpoints..." errors="0" failures="1" skipped="0" timestamp="2020-02-17T20:12:08" time="0.844" tests="5">
    <testcase classname="Adoptable Pets API Endpoints... GET /v1/animals" name="Adoptable Pets API Endpoints... GET /v1/animals" time="0.047">
    </testcase>
    <testcase classname="Adoptable Pets API Endpoints... GET /v1/animals/:animalId" name="Adoptable Pets API Endpoints... GET /v1/animals/:animalId" time="0.021">
    </testcase>
    <testcase classname="Adoptable Pets API Endpoints... POST /v1/animals/:animalId" name="Adoptable Pets API Endpoints... POST /v1/animals/:animalId" time="0.023">
      <failure>Error: expect(received).toEqual(expected) // deep equality

Expected: 200
Received: 201
    at Object.&lt;anonymous&gt; (/home/detonih/codenation/nodejs-7/test/index.test.js:61:28)
    at processTicksAndRejections (internal/process/task_queues.js:93:5)</failure>
    </testcase>
    <testcase classname="Adoptable Pets API Endpoints... PATCH /v1/animals/:animalId" name="Adoptable Pets API Endpoints... PATCH /v1/animals/:animalId" time="0.024">
    </testcase>
    <testcase classname="Adoptable Pets API Endpoints... DELETE /v1/animals/:animalId" name="Adoptable Pets API Endpoints... DELETE /v1/animals/:animalId" time="0.037">
    </testcase>
  </testsuite>
</testsuites>