<?xml version="1.0" encoding="UTF-8"?>
<testsuites name="jest tests" tests="19" failures="0" time="2.331">
  <testsuite name="The API on /v1/teams Endpoint at GET method should..." errors="0" failures="0" skipped="0" timestamp="2020-03-01T21:51:08" time="2.01" tests="19">
    <testcase classname="The API on /v1/teams Endpoint at GET method should... return 200 as status code and have &apos;total&apos; and &apos;data&apos; as properties" name="The API on /v1/teams Endpoint at GET method should... return 200 as status code and have &apos;total&apos; and &apos;data&apos; as properties" time="0.07">
    </testcase>
    <testcase classname="The API on /v1/teams Endpoint at GET method should... return the right number of items and an object with all items" name="The API on /v1/teams Endpoint at GET method should... return the right number of items and an object with all items" time="0.066">
    </testcase>
    <testcase classname="The API on /v1/teams Endpoint at GET method should... return the &apos;data&apos; property with all items from DB" name="The API on /v1/teams Endpoint at GET method should... return the &apos;data&apos; property with all items from DB" time="0.044">
    </testcase>
    <testcase classname="The API on /v1/teams/:teamId Endpoint at GET method should... return 200 as status code and have properly attributes" name="The API on /v1/teams/:teamId Endpoint at GET method should... return 200 as status code and have properly attributes" time="0.047">
    </testcase>
    <testcase classname="The API on /v1/teams/:teamId Endpoint at GET method should... return 200 as status code and the item founded" name="The API on /v1/teams/:teamId Endpoint at GET method should... return 200 as status code and the item founded" time="0.05">
    </testcase>
    <testcase classname="The API on /v1/teams/:teamId/players Endpoint at GET method should... return 200 as status code and have &apos;total&apos; and &apos;data&apos; as properties" name="The API on /v1/teams/:teamId/players Endpoint at GET method should... return 200 as status code and have &apos;total&apos; and &apos;data&apos; as properties" time="0.048">
    </testcase>
    <testcase classname="The API on /v1/teams/:teamId/players Endpoint at GET method should... return the right number of items and an object with all items" name="The API on /v1/teams/:teamId/players Endpoint at GET method should... return the right number of items and an object with all items" time="0.047">
    </testcase>
    <testcase classname="The API on /v1/teams/:teamId/players Endpoint at GET method should... return the &apos;data&apos; property with all items from DB" name="The API on /v1/teams/:teamId/players Endpoint at GET method should... return the &apos;data&apos; property with all items from DB" time="0.052">
    </testcase>
    <testcase classname="The API on /v1/teams Endpoint at POST method should... return 201 as status code and the new record created properties" name="The API on /v1/teams Endpoint at POST method should... return 201 as status code and the new record created properties" time="0.063">
    </testcase>
    <testcase classname="The API on /v1/teams Endpoint at POST method should... return the new record created" name="The API on /v1/teams Endpoint at POST method should... return the new record created" time="0.059">
    </testcase>
    <testcase classname="The API on /v1/players Endpoint at GET method should... return 200 as status code and have &apos;total&apos; and &apos;data&apos; as properties" name="The API on /v1/players Endpoint at GET method should... return 200 as status code and have &apos;total&apos; and &apos;data&apos; as properties" time="0.078">
    </testcase>
    <testcase classname="The API on /v1/players Endpoint at GET method should... return the right number of items and an object with all items" name="The API on /v1/players Endpoint at GET method should... return the right number of items and an object with all items" time="0.07">
    </testcase>
    <testcase classname="The API on /v1/players Endpoint at GET method should... return the &apos;data&apos; property with all items from DB" name="The API on /v1/players Endpoint at GET method should... return the &apos;data&apos; property with all items from DB" time="0.063">
    </testcase>
    <testcase classname="The API on /v1/players Endpoint at GET method should... return only brazilian players if uses query parameter &apos;nationality&apos; on request" name="The API on /v1/players Endpoint at GET method should... return only brazilian players if uses query parameter &apos;nationality&apos; on request" time="0.057">
    </testcase>
    <testcase classname="The API on /v1/players Endpoint at GET method should... return only players with score equal or greather than 90 if uses query parameter &apos;score&apos; on request" name="The API on /v1/players Endpoint at GET method should... return only players with score equal or greather than 90 if uses query parameter &apos;score&apos; on request" time="0.055">
    </testcase>
    <testcase classname="The API on /v1/players/:playerId Endpoint at GET method should... return 200 as status code and have properly attributes" name="The API on /v1/players/:playerId Endpoint at GET method should... return 200 as status code and have properly attributes" time="0.08">
    </testcase>
    <testcase classname="The API on /v1/players/:playerId Endpoint at GET method should... return 200 as status code and the item founded" name="The API on /v1/players/:playerId Endpoint at GET method should... return 200 as status code and the item founded" time="0.051">
    </testcase>
    <testcase classname="The API on /v1/players Endpoint at POST method should... return 201 as status code and the new record created properties" name="The API on /v1/players Endpoint at POST method should... return 201 as status code and the new record created properties" time="0.051">
    </testcase>
    <testcase classname="The API on /v1/players Endpoint at POST method should... return the new record created" name="The API on /v1/players Endpoint at POST method should... return the new record created" time="0.058">
    </testcase>
  </testsuite>
</testsuites>