{"/home/detonih/codenation/nodejs-9/config/index.js": {"path":"/home/detonih/codenation/nodejs-9/config/index.js","statementMap":{"0":{"start":{"line":1,"column":21},"end":{"line":1,"column":32}},"1":{"start":{"line":3,"column":0},"end":{"line":10,"column":1}}},"fnMap":{},"branchMap":{},"s":{"0":1,"1":1},"f":{},"b":{},"_coverageSchema":"1a1c01bbd47fc00a2c39e90264f33305004495a9","hash":"0f9892ece69bd8ff6338818fc7fceb730abb0336"}
,"/home/detonih/codenation/nodejs-9/db/helper.js": {"path":"/home/detonih/codenation/nodejs-9/db/helper.js","statementMap":{"0":{"start":{"line":1,"column":14},"end":{"line":1,"column":30}},"1":{"start":{"line":2,"column":21},"end":{"line":2,"column":41}},"2":{"start":{"line":4,"column":19},"end":{"line":4,"column":51}},"3":{"start":{"line":6,"column":20},"end":{"line":14,"column":1}},"4":{"start":{"line":7,"column":2},"end":{"line":13,"column":4}},"5":{"start":{"line":8,"column":4},"end":{"line":12,"column":6}},"6":{"start":{"line":9,"column":6},"end":{"line":9,"column":30}},"7":{"start":{"line":9,"column":17},"end":{"line":9,"column":30}},"8":{"start":{"line":11,"column":6},"end":{"line":11,"column":22}},"9":{"start":{"line":16,"column":24},"end":{"line":34,"column":1}},"10":{"start":{"line":17,"column":30},"end":{"line":28,"column":33}},"11":{"start":{"line":18,"column":16},"end":{"line":18,"column":26}},"12":{"start":{"line":20,"column":4},"end":{"line":22,"column":5}},"13":{"start":{"line":21,"column":6},"end":{"line":21,"column":26}},"14":{"start":{"line":24,"column":4},"end":{"line":24,"column":26}},"15":{"start":{"line":25,"column":4},"end":{"line":25,"column":26}},"16":{"start":{"line":27,"column":4},"end":{"line":27,"column":14}},"17":{"start":{"line":30,"column":2},"end":{"line":33,"column":3}},"18":{"start":{"line":36,"column":24},"end":{"line":47,"column":1}},"19":{"start":{"line":37,"column":2},"end":{"line":46,"column":18}},"20":{"start":{"line":38,"column":16},"end":{"line":38,"column":26}},"21":{"start":{"line":40,"column":4},"end":{"line":42,"column":5}},"22":{"start":{"line":41,"column":6},"end":{"line":41,"column":26}},"23":{"start":{"line":43,"column":4},"end":{"line":43,"column":32}},"24":{"start":{"line":45,"column":4},"end":{"line":45,"column":14}},"25":{"start":{"line":49,"column":0},"end":{"line":54,"column":1}}},"fnMap":{"0":{"name":"(anonymous_0)","decl":{"start":{"line":6,"column":20},"end":{"line":6,"column":21}},"loc":{"start":{"line":6,"column":31},"end":{"line":14,"column":1}},"line":6},"1":{"name":"(anonymous_1)","decl":{"start":{"line":7,"column":21},"end":{"line":7,"column":22}},"loc":{"start":{"line":7,"column":42},"end":{"line":13,"column":3}},"line":7},"2":{"name":"(anonymous_2)","decl":{"start":{"line":8,"column":28},"end":{"line":8,"column":29}},"loc":{"start":{"line":8,"column":56},"end":{"line":12,"column":5}},"line":8},"3":{"name":"(anonymous_3)","decl":{"start":{"line":16,"column":24},"end":{"line":16,"column":25}},"loc":{"start":{"line":16,"column":32},"end":{"line":34,"column":1}},"line":16},"4":{"name":"(anonymous_4)","decl":{"start":{"line":17,"column":55},"end":{"line":17,"column":56}},"loc":{"start":{"line":17,"column":72},"end":{"line":28,"column":3}},"line":17},"5":{"name":"(anonymous_5)","decl":{"start":{"line":36,"column":24},"end":{"line":36,"column":25}},"loc":{"start":{"line":36,"column":32},"end":{"line":47,"column":1}},"line":36},"6":{"name":"(anonymous_6)","decl":{"start":{"line":37,"column":34},"end":{"line":37,"column":35}},"loc":{"start":{"line":37,"column":49},"end":{"line":46,"column":3}},"line":37}},"branchMap":{"0":{"loc":{"start":{"line":9,"column":6},"end":{"line":9,"column":30}},"type":"if","locations":[{"start":{"line":9,"column":6},"end":{"line":9,"column":30}},{"start":{"line":9,"column":6},"end":{"line":9,"column":30}}],"line":9},"1":{"loc":{"start":{"line":20,"column":4},"end":{"line":22,"column":5}},"type":"if","locations":[{"start":{"line":20,"column":4},"end":{"line":22,"column":5}},{"start":{"line":20,"column":4},"end":{"line":22,"column":5}}],"line":20},"2":{"loc":{"start":{"line":20,"column":8},"end":{"line":20,"column":48}},"type":"binary-expr","locations":[{"start":{"line":20,"column":8},"end":{"line":20,"column":22}},{"start":{"line":20,"column":26},"end":{"line":20,"column":48}}],"line":20},"3":{"loc":{"start":{"line":40,"column":4},"end":{"line":42,"column":5}},"type":"if","locations":[{"start":{"line":40,"column":4},"end":{"line":42,"column":5}},{"start":{"line":40,"column":4},"end":{"line":42,"column":5}}],"line":40},"4":{"loc":{"start":{"line":40,"column":8},"end":{"line":40,"column":48}},"type":"binary-expr","locations":[{"start":{"line":40,"column":8},"end":{"line":40,"column":22}},{"start":{"line":40,"column":26},"end":{"line":40,"column":48}}],"line":40}},"s":{"0":1,"1":1,"2":1,"3":1,"4":16,"5":16,"6":16,"7":0,"8":16,"9":1,"10":6,"11":48,"12":48,"13":36,"14":48,"15":48,"16":48,"17":6,"18":1,"19":1,"20":2,"21":2,"22":1,"23":2,"24":2,"25":1},"f":{"0":16,"1":16,"2":16,"3":6,"4":48,"5":1,"6":2},"b":{"0":[0,16],"1":[36,12],"2":[48,42],"3":[1,1],"4":[2,2]},"_coverageSchema":"1a1c01bbd47fc00a2c39e90264f33305004495a9","hash":"e80e92155013df87b7180f819e41ee882001faaf"}
,"/home/detonih/codenation/nodejs-9/src/server.js": {"path":"/home/detonih/codenation/nodejs-9/src/server.js","statementMap":{"0":{"start":{"line":3,"column":16},"end":{"line":3,"column":34}},"1":{"start":{"line":4,"column":19},"end":{"line":4,"column":41}},"2":{"start":{"line":5,"column":12},"end":{"line":5,"column":21}},"3":{"start":{"line":7,"column":0},"end":{"line":7,"column":26}},"4":{"start":{"line":15,"column":4},"end":{"line":15,"column":29}},"5":{"start":{"line":17,"column":0},"end":{"line":17,"column":31}},"6":{"start":{"line":19,"column":0},"end":{"line":19,"column":43}},"7":{"start":{"line":21,"column":0},"end":{"line":21,"column":32}},"8":{"start":{"line":23,"column":0},"end":{"line":23,"column":48}},"9":{"start":{"line":25,"column":0},"end":{"line":25,"column":49}},"10":{"start":{"line":27,"column":0},"end":{"line":29,"column":1}}},"fnMap":{},"branchMap":{},"s":{"0":1,"1":1,"2":1,"3":1,"4":1,"5":1,"6":1,"7":1,"8":1,"9":1,"10":1},"f":{},"b":{},"_coverageSchema":"1a1c01bbd47fc00a2c39e90264f33305004495a9","hash":"48bac5be88a0bd350c98000bdcfbb8b71e16a9b0"}
,"/home/detonih/codenation/nodejs-9/src/controllers/index.js": {"path":"/home/detonih/codenation/nodejs-9/src/controllers/index.js","statementMap":{"0":{"start":{"line":1,"column":21},"end":{"line":1,"column":32}},"1":{"start":{"line":2,"column":14},"end":{"line":2,"column":36}},"2":{"start":{"line":5,"column":70},"end":{"line":5,"column":96}},"3":{"start":{"line":7,"column":15},"end":{"line":17,"column":1}},"4":{"start":{"line":8,"column":2},"end":{"line":16,"column":3}},"5":{"start":{"line":10,"column":18},"end":{"line":10,"column":42}},"6":{"start":{"line":11,"column":22},"end":{"line":11,"column":46}},"7":{"start":{"line":13,"column":4},"end":{"line":13,"column":46}},"8":{"start":{"line":15,"column":4},"end":{"line":15,"column":20}},"9":{"start":{"line":19,"column":16},"end":{"line":31,"column":1}},"10":{"start":{"line":20,"column":2},"end":{"line":30,"column":3}},"11":{"start":{"line":21,"column":26},"end":{"line":21,"column":40}},"12":{"start":{"line":24,"column":18},"end":{"line":24,"column":66}},"13":{"start":{"line":25,"column":22},"end":{"line":25,"column":46}},"14":{"start":{"line":27,"column":4},"end":{"line":27,"column":46}},"15":{"start":{"line":29,"column":4},"end":{"line":29,"column":20}},"16":{"start":{"line":33,"column":15},"end":{"line":47,"column":1}},"17":{"start":{"line":34,"column":2},"end":{"line":46,"column":3}},"18":{"start":{"line":35,"column":17},"end":{"line":35,"column":29}},"19":{"start":{"line":36,"column":26},"end":{"line":36,"column":47}},"20":{"start":{"line":37,"column":18},"end":{"line":37,"column":101}},"21":{"start":{"line":38,"column":22},"end":{"line":38,"column":46}},"22":{"start":{"line":40,"column":4},"end":{"line":42,"column":7}},"23":{"start":{"line":45,"column":4},"end":{"line":45,"column":21}},"24":{"start":{"line":49,"column":19},"end":{"line":67,"column":1}},"25":{"start":{"line":50,"column":2},"end":{"line":64,"column":3}},"26":{"start":{"line":52,"column":17},"end":{"line":52,"column":29}},"27":{"start":{"line":53,"column":24},"end":{"line":53,"column":38}},"28":{"start":{"line":55,"column":26},"end":{"line":55,"column":47}},"29":{"start":{"line":56,"column":18},"end":{"line":56,"column":80}},"30":{"start":{"line":57,"column":22},"end":{"line":57,"column":46}},"31":{"start":{"line":59,"column":4},"end":{"line":61,"column":6}},"32":{"start":{"line":63,"column":4},"end":{"line":63,"column":20}},"33":{"start":{"line":69,"column":19},"end":{"line":82,"column":1}},"34":{"start":{"line":70,"column":2},"end":{"line":81,"column":3}},"35":{"start":{"line":71,"column":24},"end":{"line":71,"column":38}},"36":{"start":{"line":73,"column":18},"end":{"line":73,"column":64}},"37":{"start":{"line":74,"column":22},"end":{"line":74,"column":46}},"38":{"start":{"line":77,"column":4},"end":{"line":77,"column":35}},"39":{"start":{"line":80,"column":4},"end":{"line":80,"column":20}},"40":{"start":{"line":84,"column":0},"end":{"line":90,"column":1}}},"fnMap":{"0":{"name":"(anonymous_0)","decl":{"start":{"line":7,"column":15},"end":{"line":7,"column":16}},"loc":{"start":{"line":7,"column":44},"end":{"line":17,"column":1}},"line":7},"1":{"name":"(anonymous_1)","decl":{"start":{"line":19,"column":16},"end":{"line":19,"column":17}},"loc":{"start":{"line":19,"column":45},"end":{"line":31,"column":1}},"line":19},"2":{"name":"(anonymous_2)","decl":{"start":{"line":33,"column":15},"end":{"line":33,"column":16}},"loc":{"start":{"line":33,"column":44},"end":{"line":47,"column":1}},"line":33},"3":{"name":"(anonymous_3)","decl":{"start":{"line":49,"column":19},"end":{"line":49,"column":20}},"loc":{"start":{"line":49,"column":48},"end":{"line":67,"column":1}},"line":49},"4":{"name":"(anonymous_4)","decl":{"start":{"line":69,"column":19},"end":{"line":69,"column":20}},"loc":{"start":{"line":69,"column":48},"end":{"line":82,"column":1}},"line":69}},"branchMap":{},"s":{"0":1,"1":1,"2":1,"3":1,"4":1,"5":1,"6":1,"7":1,"8":0,"9":1,"10":1,"11":1,"12":1,"13":1,"14":1,"15":0,"16":1,"17":1,"18":1,"19":1,"20":1,"21":1,"22":1,"23":0,"24":1,"25":1,"26":1,"27":1,"28":1,"29":1,"30":1,"31":1,"32":0,"33":1,"34":1,"35":1,"36":1,"37":1,"38":1,"39":0,"40":1},"f":{"0":1,"1":1,"2":1,"3":1,"4":1},"b":{},"_coverageSchema":"1a1c01bbd47fc00a2c39e90264f33305004495a9","hash":"cbad59e4d716f76398f98d3bcfe80d2cc90986c2"}
,"/home/detonih/codenation/nodejs-9/test/utils.js": {"path":"/home/detonih/codenation/nodejs-9/test/utils.js","statementMap":{"0":{"start":{"line":5,"column":4},"end":{"line":5,"column":27}},"1":{"start":{"line":7,"column":22},"end":{"line":14,"column":1}},"2":{"start":{"line":8,"column":30},"end":{"line":8,"column":51}},"3":{"start":{"line":9,"column":16},"end":{"line":9,"column":71}},"4":{"start":{"line":11,"column":19},"end":{"line":11,"column":43}},"5":{"start":{"line":13,"column":2},"end":{"line":13,"column":17}},"6":{"start":{"line":16,"column":19},"end":{"line":20,"column":1}},"7":{"start":{"line":17,"column":19},"end":{"line":17,"column":63}},"8":{"start":{"line":19,"column":2},"end":{"line":19,"column":17}},"9":{"start":{"line":22,"column":0},"end":{"line":26,"column":1}}},"fnMap":{"0":{"name":"(anonymous_0)","decl":{"start":{"line":7,"column":22},"end":{"line":7,"column":23}},"loc":{"start":{"line":7,"column":45},"end":{"line":14,"column":1}},"line":7},"1":{"name":"(anonymous_1)","decl":{"start":{"line":16,"column":19},"end":{"line":16,"column":20}},"loc":{"start":{"line":16,"column":36},"end":{"line":20,"column":1}},"line":16}},"branchMap":{},"s":{"0":1,"1":1,"2":5,"3":5,"4":5,"5":5,"6":1,"7":6,"8":6,"9":1},"f":{"0":5,"1":6},"b":{},"_coverageSchema":"1a1c01bbd47fc00a2c39e90264f33305004495a9","hash":"d97419b2f2ec2960f8585ba4a907df76e4675e9d"}
}
