TN:
SF:config/index.js
FNF:0
FNH:0
DA:1,1
DA:3,1
LF:2
LH:2
BRF:0
BRH:0
end_of_record
TN:
SF:db/helper.js
FN:6,(anonymous_0)
FN:7,(anonymous_1)
FN:8,(anonymous_2)
FN:16,(anonymous_3)
FN:17,(anonymous_4)
FN:36,(anonymous_5)
FN:37,(anonymous_6)
FNF:7
FNH:7
FNDA:16,(anonymous_0)
FNDA:16,(anonymous_1)
FNDA:16,(anonymous_2)
FNDA:6,(anonymous_3)
FNDA:48,(anonymous_4)
FNDA:1,(anonymous_5)
FNDA:2,(anonymous_6)
DA:1,1
DA:2,1
DA:4,1
DA:6,1
DA:7,16
DA:8,16
DA:9,16
DA:11,16
DA:16,1
DA:17,6
DA:18,48
DA:20,48
DA:21,36
DA:24,48
DA:25,48
DA:27,48
DA:30,6
DA:36,1
DA:37,1
DA:38,2
DA:40,2
DA:41,1
DA:43,2
DA:45,2
DA:49,1
LF:25
LH:25
BRDA:9,0,0,0
BRDA:9,0,1,16
BRDA:20,1,0,36
BRDA:20,1,1,12
BRDA:20,2,0,48
BRDA:20,2,1,42
BRDA:40,3,0,1
BRDA:40,3,1,1
BRDA:40,4,0,2
BRDA:40,4,1,2
BRF:10
BRH:9
end_of_record
TN:
SF:src/server.js
FNF:0
FNH:0
DA:3,1
DA:4,1
DA:5,1
DA:7,1
DA:15,1
DA:17,1
DA:19,1
DA:21,1
DA:23,1
DA:25,1
DA:27,1
LF:11
LH:11
BRF:0
BRH:0
end_of_record
TN:
SF:src/controllers/index.js
FN:7,(anonymous_0)
FN:19,(anonymous_1)
FN:33,(anonymous_2)
FN:49,(anonymous_3)
FN:69,(anonymous_4)
FNF:5
FNH:5
FNDA:1,(anonymous_0)
FNDA:1,(anonymous_1)
FNDA:1,(anonymous_2)
FNDA:1,(anonymous_3)
FNDA:1,(anonymous_4)
DA:1,1
DA:2,1
DA:5,1
DA:7,1
DA:8,1
DA:10,1
DA:11,1
DA:13,1
DA:15,0
DA:19,1
DA:20,1
DA:21,1
DA:24,1
DA:25,1
DA:27,1
DA:29,0
DA:33,1
DA:34,1
DA:35,1
DA:36,1
DA:37,1
DA:38,1
DA:40,1
DA:45,0
DA:49,1
DA:50,1
DA:52,1
DA:53,1
DA:55,1
DA:56,1
DA:57,1
DA:59,1
DA:63,0
DA:69,1
DA:70,1
DA:71,1
DA:73,1
DA:74,1
DA:77,1
DA:80,0
DA:84,1
LF:41
LH:36
BRF:0
BRH:0
end_of_record
TN:
SF:test/utils.js
FN:7,(anonymous_0)
FN:16,(anonymous_1)
FNF:2
FNH:2
FNDA:5,(anonymous_0)
FNDA:6,(anonymous_1)
DA:5,1
DA:7,1
DA:8,5
DA:9,5
DA:11,5
DA:13,5
DA:16,1
DA:17,6
DA:19,6
DA:22,1
LF:10
LH:10
BRF:0
BRH:0
end_of_record
