{"/home/detonih/codenation/nodejs-10/src/app.js": {"path":"/home/detonih/codenation/nodejs-10/src/app.js","statementMap":{"0":{"start":{"line":1,"column":16},"end":{"line":1,"column":34}},"1":{"start":{"line":2,"column":19},"end":{"line":2,"column":41}},"2":{"start":{"line":3,"column":12},"end":{"line":3,"column":21}},"3":{"start":{"line":4,"column":15},"end":{"line":4,"column":34}},"4":{"start":{"line":6,"column":0},"end":{"line":6,"column":26}},"5":{"start":{"line":8,"column":0},"end":{"line":8,"column":22}},"6":{"start":{"line":10,"column":0},"end":{"line":10,"column":24}}},"fnMap":{},"branchMap":{},"s":{"0":1,"1":1,"2":1,"3":1,"4":1,"5":1,"6":1},"f":{},"b":{},"_coverageSchema":"43e27e138ebf9cfc5966b082cf9a028302ed4184","hash":"1e837c2e0b00b597142ed3813159e4c262cf8de0"}
,"/home/detonih/codenation/nodejs-10/src/config/index.js": {"path":"/home/detonih/codenation/nodejs-10/src/config/index.js","statementMap":{"0":{"start":{"line":1,"column":37},"end":{"line":1,"column":48}},"1":{"start":{"line":3,"column":0},"end":{"line":11,"column":1}}},"fnMap":{},"branchMap":{"0":{"loc":{"start":{"line":1,"column":8},"end":{"line":1,"column":32}},"type":"default-arg","locations":[{"start":{"line":1,"column":19},"end":{"line":1,"column":32}}],"line":1}},"s":{"0":1,"1":1},"f":{},"b":{"0":[0]},"_coverageSchema":"43e27e138ebf9cfc5966b082cf9a028302ed4184","hash":"d0634f680a64b032ef71e55ee1477c57e47a74c2"}
,"/home/detonih/codenation/nodejs-10/src/controllers/players.js": {"path":"/home/detonih/codenation/nodejs-10/src/controllers/players.js","statementMap":{"0":{"start":{"line":1,"column":14},"end":{"line":1,"column":45}},"1":{"start":{"line":2,"column":15},"end":{"line":2,"column":35}},"2":{"start":{"line":4,"column":14},"end":{"line":4,"column":16}},"3":{"start":{"line":6,"column":0},"end":{"line":49,"column":1}},"4":{"start":{"line":7,"column":2},"end":{"line":48,"column":3}},"5":{"start":{"line":8,"column":35},"end":{"line":8,"column":44}},"6":{"start":{"line":11,"column":4},"end":{"line":44,"column":5}},"7":{"start":{"line":12,"column":30},"end":{"line":18,"column":8}},"8":{"start":{"line":20,"column":6},"end":{"line":23,"column":9}},"9":{"start":{"line":24,"column":11},"end":{"line":44,"column":5}},"10":{"start":{"line":25,"column":24},"end":{"line":31,"column":8}},"11":{"start":{"line":33,"column":6},"end":{"line":36,"column":9}},"12":{"start":{"line":38,"column":19},"end":{"line":38,"column":42}},"13":{"start":{"line":40,"column":6},"end":{"line":43,"column":8}},"14":{"start":{"line":47,"column":4},"end":{"line":47,"column":20}},"15":{"start":{"line":51,"column":0},"end":{"line":65,"column":1}},"16":{"start":{"line":52,"column":2},"end":{"line":64,"column":3}},"17":{"start":{"line":53,"column":25},"end":{"line":53,"column":35}},"18":{"start":{"line":55,"column":17},"end":{"line":59,"column":6}},"19":{"start":{"line":61,"column":4},"end":{"line":61,"column":31}},"20":{"start":{"line":63,"column":4},"end":{"line":63,"column":21}},"21":{"start":{"line":67,"column":0},"end":{"line":76,"column":1}},"22":{"start":{"line":68,"column":2},"end":{"line":75,"column":3}},"23":{"start":{"line":69,"column":19},"end":{"line":69,"column":27}},"24":{"start":{"line":70,"column":17},"end":{"line":70,"column":43}},"25":{"start":{"line":72,"column":4},"end":{"line":72,"column":30}},"26":{"start":{"line":74,"column":4},"end":{"line":74,"column":20}},"27":{"start":{"line":78,"column":0},"end":{"line":85,"column":1}},"28":{"start":{"line":79,"column":23},"end":{"line":79,"column":33}},"29":{"start":{"line":80,"column":17},"end":{"line":82,"column":4}},"30":{"start":{"line":84,"column":2},"end":{"line":84,"column":34}},"31":{"start":{"line":87,"column":0},"end":{"line":94,"column":1}},"32":{"start":{"line":88,"column":23},"end":{"line":88,"column":33}},"33":{"start":{"line":89,"column":17},"end":{"line":91,"column":4}},"34":{"start":{"line":93,"column":2},"end":{"line":93,"column":34}},"35":{"start":{"line":96,"column":0},"end":{"line":96,"column":24}}},"fnMap":{"0":{"name":"(anonymous_0)","decl":{"start":{"line":6,"column":17},"end":{"line":6,"column":18}},"loc":{"start":{"line":6,"column":43},"end":{"line":49,"column":1}},"line":6},"1":{"name":"(anonymous_1)","decl":{"start":{"line":51,"column":18},"end":{"line":51,"column":19}},"loc":{"start":{"line":51,"column":44},"end":{"line":65,"column":1}},"line":51},"2":{"name":"(anonymous_2)","decl":{"start":{"line":67,"column":17},"end":{"line":67,"column":18}},"loc":{"start":{"line":67,"column":43},"end":{"line":76,"column":1}},"line":67},"3":{"name":"(anonymous_3)","decl":{"start":{"line":78,"column":17},"end":{"line":78,"column":18}},"loc":{"start":{"line":78,"column":43},"end":{"line":85,"column":1}},"line":78},"4":{"name":"(anonymous_4)","decl":{"start":{"line":87,"column":17},"end":{"line":87,"column":18}},"loc":{"start":{"line":87,"column":43},"end":{"line":94,"column":1}},"line":87}},"branchMap":{"0":{"loc":{"start":{"line":11,"column":4},"end":{"line":44,"column":5}},"type":"if","locations":[{"start":{"line":11,"column":4},"end":{"line":44,"column":5}},{"start":{"line":11,"column":4},"end":{"line":44,"column":5}}],"line":11},"1":{"loc":{"start":{"line":24,"column":11},"end":{"line":44,"column":5}},"type":"if","locations":[{"start":{"line":24,"column":11},"end":{"line":44,"column":5}},{"start":{"line":24,"column":11},"end":{"line":44,"column":5}}],"line":24}},"s":{"0":1,"1":1,"2":1,"3":1,"4":5,"5":5,"6":5,"7":1,"8":1,"9":4,"10":1,"11":1,"12":3,"13":3,"14":0,"15":1,"16":2,"17":2,"18":2,"19":2,"20":0,"21":1,"22":2,"23":2,"24":2,"25":2,"26":0,"27":1,"28":0,"29":0,"30":0,"31":1,"32":0,"33":0,"34":0,"35":1},"f":{"0":5,"1":2,"2":2,"3":0,"4":0},"b":{"0":[1,4],"1":[1,3]},"_coverageSchema":"43e27e138ebf9cfc5966b082cf9a028302ed4184","hash":"c00d4c5789b4a4158a46fd99a8dab00df79655f2"}
,"/home/detonih/codenation/nodejs-10/src/controllers/teams.js": {"path":"/home/detonih/codenation/nodejs-10/src/controllers/teams.js","statementMap":{"0":{"start":{"line":1,"column":19},"end":{"line":1,"column":48}},"1":{"start":{"line":2,"column":21},"end":{"line":2,"column":52}},"2":{"start":{"line":4,"column":12},"end":{"line":4,"column":14}},"3":{"start":{"line":6,"column":0},"end":{"line":19,"column":1}},"4":{"start":{"line":7,"column":2},"end":{"line":18,"column":3}},"5":{"start":{"line":8,"column":17},"end":{"line":10,"column":6}},"6":{"start":{"line":12,"column":4},"end":{"line":15,"column":6}},"7":{"start":{"line":17,"column":4},"end":{"line":17,"column":20}},"8":{"start":{"line":21,"column":0},"end":{"line":36,"column":1}},"9":{"start":{"line":22,"column":2},"end":{"line":35,"column":3}},"10":{"start":{"line":23,"column":23},"end":{"line":23,"column":33}},"11":{"start":{"line":25,"column":17},"end":{"line":30,"column":6}},"12":{"start":{"line":32,"column":4},"end":{"line":32,"column":31}},"13":{"start":{"line":34,"column":4},"end":{"line":34,"column":21}},"14":{"start":{"line":38,"column":0},"end":{"line":56,"column":1}},"15":{"start":{"line":39,"column":2},"end":{"line":55,"column":3}},"16":{"start":{"line":40,"column":23},"end":{"line":40,"column":33}},"17":{"start":{"line":42,"column":17},"end":{"line":47,"column":6}},"18":{"start":{"line":49,"column":4},"end":{"line":52,"column":7}},"19":{"start":{"line":54,"column":4},"end":{"line":54,"column":21}},"20":{"start":{"line":58,"column":0},"end":{"line":67,"column":1}},"21":{"start":{"line":59,"column":2},"end":{"line":66,"column":3}},"22":{"start":{"line":60,"column":17},"end":{"line":60,"column":25}},"23":{"start":{"line":61,"column":17},"end":{"line":61,"column":46}},"24":{"start":{"line":63,"column":4},"end":{"line":63,"column":30}},"25":{"start":{"line":65,"column":4},"end":{"line":65,"column":20}},"26":{"start":{"line":69,"column":0},"end":{"line":76,"column":1}},"27":{"start":{"line":70,"column":21},"end":{"line":70,"column":31}},"28":{"start":{"line":71,"column":17},"end":{"line":73,"column":4}},"29":{"start":{"line":75,"column":2},"end":{"line":75,"column":34}},"30":{"start":{"line":78,"column":0},"end":{"line":85,"column":1}},"31":{"start":{"line":79,"column":21},"end":{"line":79,"column":31}},"32":{"start":{"line":80,"column":17},"end":{"line":82,"column":4}},"33":{"start":{"line":84,"column":2},"end":{"line":84,"column":34}},"34":{"start":{"line":87,"column":0},"end":{"line":87,"column":22}}},"fnMap":{"0":{"name":"(anonymous_0)","decl":{"start":{"line":6,"column":15},"end":{"line":6,"column":16}},"loc":{"start":{"line":6,"column":41},"end":{"line":19,"column":1}},"line":6},"1":{"name":"(anonymous_1)","decl":{"start":{"line":21,"column":16},"end":{"line":21,"column":17}},"loc":{"start":{"line":21,"column":42},"end":{"line":36,"column":1}},"line":21},"2":{"name":"(anonymous_2)","decl":{"start":{"line":38,"column":23},"end":{"line":38,"column":24}},"loc":{"start":{"line":38,"column":49},"end":{"line":56,"column":1}},"line":38},"3":{"name":"(anonymous_3)","decl":{"start":{"line":58,"column":15},"end":{"line":58,"column":16}},"loc":{"start":{"line":58,"column":41},"end":{"line":67,"column":1}},"line":58},"4":{"name":"(anonymous_4)","decl":{"start":{"line":69,"column":15},"end":{"line":69,"column":16}},"loc":{"start":{"line":69,"column":41},"end":{"line":76,"column":1}},"line":69},"5":{"name":"(anonymous_5)","decl":{"start":{"line":78,"column":15},"end":{"line":78,"column":16}},"loc":{"start":{"line":78,"column":41},"end":{"line":85,"column":1}},"line":78}},"branchMap":{},"s":{"0":1,"1":1,"2":1,"3":1,"4":3,"5":3,"6":3,"7":0,"8":1,"9":2,"10":2,"11":2,"12":2,"13":0,"14":1,"15":3,"16":3,"17":3,"18":3,"19":0,"20":1,"21":2,"22":2,"23":2,"24":2,"25":0,"26":1,"27":0,"28":0,"29":0,"30":1,"31":0,"32":0,"33":0,"34":1},"f":{"0":3,"1":2,"2":3,"3":2,"4":0,"5":0},"b":{},"_coverageSchema":"43e27e138ebf9cfc5966b082cf9a028302ed4184","hash":"6eef0e0bd5f724536c344da775a38ed3bf05defd"}
,"/home/detonih/codenation/nodejs-10/src/models/index.js": {"path":"/home/detonih/codenation/nodejs-10/src/models/index.js","statementMap":{"0":{"start":{"line":1,"column":18},"end":{"line":1,"column":38}},"1":{"start":{"line":2,"column":13},"end":{"line":2,"column":28}},"2":{"start":{"line":4,"column":15},"end":{"line":4,"column":35}},"3":{"start":{"line":6,"column":18},"end":{"line":14,"column":1}},"4":{"start":{"line":16,"column":16},"end":{"line":18,"column":1}},"5":{"start":{"line":20,"column":14},"end":{"line":22,"column":1}},"6":{"start":{"line":24,"column":0},"end":{"line":24,"column":22}},"7":{"start":{"line":25,"column":0},"end":{"line":25,"column":24}},"8":{"start":{"line":27,"column":11},"end":{"line":27,"column":13}},"9":{"start":{"line":29,"column":0},"end":{"line":29,"column":26}},"10":{"start":{"line":30,"column":0},"end":{"line":30,"column":22}},"11":{"start":{"line":32,"column":0},"end":{"line":32,"column":24}},"12":{"start":{"line":33,"column":0},"end":{"line":33,"column":24}},"13":{"start":{"line":35,"column":0},"end":{"line":35,"column":19}}},"fnMap":{},"branchMap":{},"s":{"0":1,"1":1,"2":1,"3":1,"4":1,"5":1,"6":1,"7":1,"8":1,"9":1,"10":1,"11":1,"12":1,"13":1},"f":{},"b":{},"_coverageSchema":"43e27e138ebf9cfc5966b082cf9a028302ed4184","hash":"12000adf071b67857ed780d18bce5d64fe85ea6b"}
,"/home/detonih/codenation/nodejs-10/src/models/players.js": {"path":"/home/detonih/codenation/nodejs-10/src/models/players.js","statementMap":{"0":{"start":{"line":1,"column":0},"end":{"line":12,"column":4}},"1":{"start":{"line":2,"column":2},"end":{"line":12,"column":4}}},"fnMap":{"0":{"name":"(anonymous_0)","decl":{"start":{"line":1,"column":17},"end":{"line":1,"column":18}},"loc":{"start":{"line":2,"column":2},"end":{"line":12,"column":4}},"line":2}},"branchMap":{},"s":{"0":1,"1":1},"f":{"0":1},"b":{},"_coverageSchema":"43e27e138ebf9cfc5966b082cf9a028302ed4184","hash":"26f9189f79f29247b7cf77fcad9f7ccaa66d54d6"}
,"/home/detonih/codenation/nodejs-10/src/models/teams.js": {"path":"/home/detonih/codenation/nodejs-10/src/models/teams.js","statementMap":{"0":{"start":{"line":1,"column":0},"end":{"line":11,"column":4}},"1":{"start":{"line":2,"column":2},"end":{"line":11,"column":4}}},"fnMap":{"0":{"name":"(anonymous_0)","decl":{"start":{"line":1,"column":17},"end":{"line":1,"column":18}},"loc":{"start":{"line":2,"column":2},"end":{"line":11,"column":4}},"line":2}},"branchMap":{},"s":{"0":1,"1":1},"f":{"0":1},"b":{},"_coverageSchema":"43e27e138ebf9cfc5966b082cf9a028302ed4184","hash":"eb0d0078aad234d6f1a3d4506c93473950ee25c2"}
,"/home/detonih/codenation/nodejs-10/src/routes/index.js": {"path":"/home/detonih/codenation/nodejs-10/src/routes/index.js","statementMap":{"0":{"start":{"line":1,"column":16},"end":{"line":1,"column":34}},"1":{"start":{"line":2,"column":15},"end":{"line":2,"column":31}},"2":{"start":{"line":3,"column":16},"end":{"line":3,"column":36}},"3":{"start":{"line":4,"column":14},"end":{"line":4,"column":32}},"4":{"start":{"line":6,"column":0},"end":{"line":11,"column":2}},"5":{"start":{"line":7,"column":2},"end":{"line":10,"column":4}},"6":{"start":{"line":13,"column":0},"end":{"line":13,"column":31}},"7":{"start":{"line":14,"column":0},"end":{"line":14,"column":27}},"8":{"start":{"line":16,"column":0},"end":{"line":16,"column":23}}},"fnMap":{"0":{"name":"(anonymous_0)","decl":{"start":{"line":6,"column":16},"end":{"line":6,"column":17}},"loc":{"start":{"line":6,"column":30},"end":{"line":11,"column":1}},"line":6}},"branchMap":{},"s":{"0":1,"1":1,"2":1,"3":1,"4":1,"5":0,"6":1,"7":1,"8":1},"f":{"0":0},"b":{},"_coverageSchema":"43e27e138ebf9cfc5966b082cf9a028302ed4184","hash":"f85d8c2023f2a3819e2bd5c4bae12f2385ee5af5"}
,"/home/detonih/codenation/nodejs-10/src/routes/players.js": {"path":"/home/detonih/codenation/nodejs-10/src/routes/players.js","statementMap":{"0":{"start":{"line":1,"column":16},"end":{"line":1,"column":34}},"1":{"start":{"line":2,"column":15},"end":{"line":2,"column":31}},"2":{"start":{"line":3,"column":19},"end":{"line":3,"column":52}},"3":{"start":{"line":5,"column":0},"end":{"line":5,"column":34}},"4":{"start":{"line":7,"column":0},"end":{"line":7,"column":44}},"5":{"start":{"line":9,"column":0},"end":{"line":9,"column":35}},"6":{"start":{"line":11,"column":0},"end":{"line":11,"column":43}},"7":{"start":{"line":13,"column":0},"end":{"line":13,"column":46}},"8":{"start":{"line":15,"column":0},"end":{"line":15,"column":23}}},"fnMap":{},"branchMap":{},"s":{"0":1,"1":1,"2":1,"3":1,"4":1,"5":1,"6":1,"7":1,"8":1},"f":{},"b":{},"_coverageSchema":"43e27e138ebf9cfc5966b082cf9a028302ed4184","hash":"954df5375b48b61899cb75a898b3d6c153c518aa"}
,"/home/detonih/codenation/nodejs-10/src/routes/teams.js": {"path":"/home/detonih/codenation/nodejs-10/src/routes/teams.js","statementMap":{"0":{"start":{"line":1,"column":16},"end":{"line":1,"column":34}},"1":{"start":{"line":2,"column":15},"end":{"line":2,"column":31}},"2":{"start":{"line":3,"column":19},"end":{"line":3,"column":50}},"3":{"start":{"line":5,"column":0},"end":{"line":5,"column":34}},"4":{"start":{"line":7,"column":0},"end":{"line":7,"column":42}},"5":{"start":{"line":9,"column":0},"end":{"line":9,"column":57}},"6":{"start":{"line":11,"column":0},"end":{"line":11,"column":35}},"7":{"start":{"line":13,"column":0},"end":{"line":13,"column":41}},"8":{"start":{"line":15,"column":0},"end":{"line":15,"column":44}},"9":{"start":{"line":17,"column":0},"end":{"line":17,"column":23}}},"fnMap":{},"branchMap":{},"s":{"0":1,"1":1,"2":1,"3":1,"4":1,"5":1,"6":1,"7":1,"8":1,"9":1},"f":{},"b":{},"_coverageSchema":"43e27e138ebf9cfc5966b082cf9a028302ed4184","hash":"ecefab9c42900b179a286252c8776910ea2ac6bb"}
}
