TN:
SF:/home/detonih/codenation/nodejs-10/src/app.js
FNF:0
FNH:0
DA:1,1
DA:2,1
DA:3,1
DA:4,1
DA:6,1
DA:8,1
DA:10,1
LF:7
LH:7
BRF:0
BRH:0
end_of_record
TN:
SF:/home/detonih/codenation/nodejs-10/src/config/index.js
FNF:0
FNH:0
DA:1,1
DA:3,1
LF:2
LH:2
BRDA:1,0,0,0
BRF:1
BRH:0
end_of_record
TN:
SF:/home/detonih/codenation/nodejs-10/src/controllers/players.js
FN:6,(anonymous_0)
FN:51,(anonymous_1)
FN:67,(anonymous_2)
FN:78,(anonymous_3)
FN:87,(anonymous_4)
FNF:5
FNH:3
FNDA:5,(anonymous_0)
FNDA:2,(anonymous_1)
FNDA:2,(anonymous_2)
FNDA:0,(anonymous_3)
FNDA:0,(anonymous_4)
DA:1,1
DA:2,1
DA:4,1
DA:6,1
DA:7,5
DA:8,5
DA:11,5
DA:12,1
DA:20,1
DA:24,4
DA:25,1
DA:33,1
DA:38,3
DA:40,3
DA:47,0
DA:51,1
DA:52,2
DA:53,2
DA:55,2
DA:61,2
DA:63,0
DA:67,1
DA:68,2
DA:69,2
DA:70,2
DA:72,2
DA:74,0
DA:78,1
DA:79,0
DA:80,0
DA:84,0
DA:87,1
DA:88,0
DA:89,0
DA:93,0
DA:96,1
LF:36
LH:27
BRDA:11,0,0,1
BRDA:11,0,1,4
BRDA:24,1,0,1
BRDA:24,1,1,3
BRF:4
BRH:4
end_of_record
TN:
SF:/home/detonih/codenation/nodejs-10/src/controllers/teams.js
FN:6,(anonymous_0)
FN:21,(anonymous_1)
FN:38,(anonymous_2)
FN:58,(anonymous_3)
FN:69,(anonymous_4)
FN:78,(anonymous_5)
FNF:6
FNH:4
FNDA:3,(anonymous_0)
FNDA:2,(anonymous_1)
FNDA:3,(anonymous_2)
FNDA:2,(anonymous_3)
FNDA:0,(anonymous_4)
FNDA:0,(anonymous_5)
DA:1,1
DA:2,1
DA:4,1
DA:6,1
DA:7,3
DA:8,3
DA:12,3
DA:17,0
DA:21,1
DA:22,2
DA:23,2
DA:25,2
DA:32,2
DA:34,0
DA:38,1
DA:39,3
DA:40,3
DA:42,3
DA:49,3
DA:54,0
DA:58,1
DA:59,2
DA:60,2
DA:61,2
DA:63,2
DA:65,0
DA:69,1
DA:70,0
DA:71,0
DA:75,0
DA:78,1
DA:79,0
DA:80,0
DA:84,0
DA:87,1
LF:35
LH:25
BRF:0
BRH:0
end_of_record
TN:
SF:/home/detonih/codenation/nodejs-10/src/models/index.js
FNF:0
FNH:0
DA:1,1
DA:2,1
DA:4,1
DA:6,1
DA:16,1
DA:20,1
DA:24,1
DA:25,1
DA:27,1
DA:29,1
DA:30,1
DA:32,1
DA:33,1
DA:35,1
LF:14
LH:14
BRF:0
BRH:0
end_of_record
TN:
SF:/home/detonih/codenation/nodejs-10/src/models/players.js
FN:1,(anonymous_0)
FNF:1
FNH:1
FNDA:1,(anonymous_0)
DA:1,1
DA:2,1
LF:2
LH:2
BRF:0
BRH:0
end_of_record
TN:
SF:/home/detonih/codenation/nodejs-10/src/models/teams.js
FN:1,(anonymous_0)
FNF:1
FNH:1
FNDA:1,(anonymous_0)
DA:1,1
DA:2,1
LF:2
LH:2
BRF:0
BRH:0
end_of_record
TN:
SF:/home/detonih/codenation/nodejs-10/src/routes/index.js
FN:6,(anonymous_0)
FNF:1
FNH:0
FNDA:0,(anonymous_0)
DA:1,1
DA:2,1
DA:3,1
DA:4,1
DA:6,1
DA:7,0
DA:13,1
DA:14,1
DA:16,1
LF:9
LH:8
BRF:0
BRH:0
end_of_record
TN:
SF:/home/detonih/codenation/nodejs-10/src/routes/players.js
FNF:0
FNH:0
DA:1,1
DA:2,1
DA:3,1
DA:5,1
DA:7,1
DA:9,1
DA:11,1
DA:13,1
DA:15,1
LF:9
LH:9
BRF:0
BRH:0
end_of_record
TN:
SF:/home/detonih/codenation/nodejs-10/src/routes/teams.js
FNF:0
FNH:0
DA:1,1
DA:2,1
DA:3,1
DA:5,1
DA:7,1
DA:9,1
DA:11,1
DA:13,1
DA:15,1
DA:17,1
LF:10
LH:10
BRF:0
BRH:0
end_of_record
