{"/home/detonih/codenation/nodejs-7/src/server.js": {"path":"/home/detonih/codenation/nodejs-7/src/server.js","statementMap":{"0":{"start":{"line":1,"column":16},"end":{"line":1,"column":34}},"1":{"start":{"line":2,"column":19},"end":{"line":2,"column":41}},"2":{"start":{"line":3,"column":12},"end":{"line":3,"column":21}},"3":{"start":{"line":4,"column":15},"end":{"line":4,"column":39}},"4":{"start":{"line":6,"column":0},"end":{"line":6,"column":26}},"5":{"start":{"line":8,"column":0},"end":{"line":8,"column":22}},"6":{"start":{"line":10,"column":14},"end":{"line":14,"column":1}},"7":{"start":{"line":11,"column":2},"end":{"line":13,"column":4}},"8":{"start":{"line":12,"column":4},"end":{"line":12,"column":59}},"9":{"start":{"line":16,"column":13},"end":{"line":20,"column":1}},"10":{"start":{"line":17,"column":2},"end":{"line":19,"column":4}},"11":{"start":{"line":18,"column":4},"end":{"line":18,"column":31}},"12":{"start":{"line":22,"column":0},"end":{"line":26,"column":1}}},"fnMap":{"0":{"name":"(anonymous_0)","decl":{"start":{"line":10,"column":14},"end":{"line":10,"column":15}},"loc":{"start":{"line":10,"column":37},"end":{"line":14,"column":1}},"line":10},"1":{"name":"(anonymous_1)","decl":{"start":{"line":11,"column":19},"end":{"line":11,"column":20}},"loc":{"start":{"line":11,"column":31},"end":{"line":13,"column":3}},"line":11},"2":{"name":"(anonymous_2)","decl":{"start":{"line":16,"column":13},"end":{"line":16,"column":14}},"loc":{"start":{"line":16,"column":19},"end":{"line":20,"column":1}},"line":16},"3":{"name":"(anonymous_3)","decl":{"start":{"line":17,"column":12},"end":{"line":17,"column":13}},"loc":{"start":{"line":17,"column":18},"end":{"line":19,"column":3}},"line":17}},"branchMap":{"0":{"loc":{"start":{"line":10,"column":21},"end":{"line":10,"column":32}},"type":"default-arg","locations":[{"start":{"line":10,"column":28},"end":{"line":10,"column":32}}],"line":10}},"s":{"0":1,"1":1,"2":1,"3":1,"4":1,"5":1,"6":1,"7":0,"8":0,"9":1,"10":0,"11":0,"12":1},"f":{"0":0,"1":0,"2":0,"3":0},"b":{"0":[0]},"_coverageSchema":"43e27e138ebf9cfc5966b082cf9a028302ed4184","hash":"493887a7791e6a582b38a1820988a83f70f9e404"}
,"/home/detonih/codenation/nodejs-7/src/controller/animalsController.js": {"path":"/home/detonih/codenation/nodejs-7/src/controller/animalsController.js","statementMap":{"0":{"start":{"line":1,"column":20},"end":{"line":1,"column":39}},"1":{"start":{"line":3,"column":15},"end":{"line":14,"column":1}},"2":{"start":{"line":4,"column":2},"end":{"line":13,"column":3}},"3":{"start":{"line":5,"column":17},"end":{"line":5,"column":42}},"4":{"start":{"line":7,"column":4},"end":{"line":10,"column":6}},"5":{"start":{"line":12,"column":4},"end":{"line":12,"column":20}},"6":{"start":{"line":16,"column":16},"end":{"line":31,"column":1}},"7":{"start":{"line":17,"column":2},"end":{"line":30,"column":3}},"8":{"start":{"line":18,"column":25},"end":{"line":18,"column":35}},"9":{"start":{"line":19,"column":17},"end":{"line":23,"column":6}},"10":{"start":{"line":25,"column":4},"end":{"line":27,"column":6}},"11":{"start":{"line":33,"column":15},"end":{"line":43,"column":1}},"12":{"start":{"line":34,"column":2},"end":{"line":42,"column":3}},"13":{"start":{"line":35,"column":17},"end":{"line":35,"column":47}},"14":{"start":{"line":37,"column":4},"end":{"line":39,"column":6}},"15":{"start":{"line":41,"column":4},"end":{"line":41,"column":20}},"16":{"start":{"line":45,"column":15},"end":{"line":60,"column":1}},"17":{"start":{"line":46,"column":2},"end":{"line":59,"column":3}},"18":{"start":{"line":47,"column":25},"end":{"line":47,"column":35}},"19":{"start":{"line":48,"column":17},"end":{"line":52,"column":6}},"20":{"start":{"line":54,"column":4},"end":{"line":56,"column":6}},"21":{"start":{"line":58,"column":4},"end":{"line":58,"column":20}},"22":{"start":{"line":62,"column":16},"end":{"line":75,"column":1}},"23":{"start":{"line":63,"column":2},"end":{"line":74,"column":3}},"24":{"start":{"line":64,"column":25},"end":{"line":64,"column":35}},"25":{"start":{"line":65,"column":17},"end":{"line":69,"column":6}},"26":{"start":{"line":71,"column":4},"end":{"line":71,"column":28}},"27":{"start":{"line":73,"column":4},"end":{"line":73,"column":20}},"28":{"start":{"line":77,"column":0},"end":{"line":83,"column":1}}},"fnMap":{"0":{"name":"(anonymous_0)","decl":{"start":{"line":3,"column":15},"end":{"line":3,"column":16}},"loc":{"start":{"line":3,"column":35},"end":{"line":14,"column":1}},"line":3},"1":{"name":"(anonymous_1)","decl":{"start":{"line":16,"column":16},"end":{"line":16,"column":17}},"loc":{"start":{"line":16,"column":36},"end":{"line":31,"column":1}},"line":16},"2":{"name":"(anonymous_2)","decl":{"start":{"line":33,"column":15},"end":{"line":33,"column":16}},"loc":{"start":{"line":33,"column":35},"end":{"line":43,"column":1}},"line":33},"3":{"name":"(anonymous_3)","decl":{"start":{"line":45,"column":15},"end":{"line":45,"column":16}},"loc":{"start":{"line":45,"column":35},"end":{"line":60,"column":1}},"line":45},"4":{"name":"(anonymous_4)","decl":{"start":{"line":62,"column":16},"end":{"line":62,"column":17}},"loc":{"start":{"line":62,"column":36},"end":{"line":75,"column":1}},"line":62}},"branchMap":{},"s":{"0":1,"1":1,"2":1,"3":1,"4":1,"5":0,"6":1,"7":1,"8":1,"9":1,"10":1,"11":1,"12":1,"13":1,"14":1,"15":0,"16":1,"17":2,"18":2,"19":2,"20":2,"21":0,"22":1,"23":0,"24":0,"25":0,"26":0,"27":0,"28":1},"f":{"0":1,"1":1,"2":1,"3":2,"4":0},"b":{},"_coverageSchema":"43e27e138ebf9cfc5966b082cf9a028302ed4184","hash":"160154ac6df3f6ee9397b50eb39008dc1e3e6e3b"}
,"/home/detonih/codenation/nodejs-7/src/model/animals.js": {"path":"/home/detonih/codenation/nodejs-7/src/model/animals.js","statementMap":{"0":{"start":{"line":2,"column":0},"end":{"line":21,"column":1}},"1":{"start":{"line":3,"column":23},"end":{"line":19,"column":4}},"2":{"start":{"line":20,"column":2},"end":{"line":20,"column":22}}},"fnMap":{"0":{"name":"(anonymous_0)","decl":{"start":{"line":2,"column":17},"end":{"line":2,"column":18}},"loc":{"start":{"line":2,"column":43},"end":{"line":21,"column":1}},"line":2}},"branchMap":{},"s":{"0":1,"1":1,"2":1},"f":{"0":1},"b":{},"_coverageSchema":"43e27e138ebf9cfc5966b082cf9a028302ed4184","hash":"10b14d692f88e96b58f75f86894ace44b3e7a330"}
,"/home/detonih/codenation/nodejs-7/src/model/index.js": {"path":"/home/detonih/codenation/nodejs-7/src/model/index.js","statementMap":{"0":{"start":{"line":1,"column":18},"end":{"line":1,"column":38}},"1":{"start":{"line":2,"column":13},"end":{"line":2,"column":28}},"2":{"start":{"line":3,"column":11},"end":{"line":3,"column":13}},"3":{"start":{"line":5,"column":18},"end":{"line":14,"column":1}},"4":{"start":{"line":16,"column":16},"end":{"line":18,"column":1}},"5":{"start":{"line":20,"column":0},"end":{"line":20,"column":26}},"6":{"start":{"line":22,"column":0},"end":{"line":22,"column":24}},"7":{"start":{"line":23,"column":0},"end":{"line":23,"column":24}},"8":{"start":{"line":25,"column":0},"end":{"line":25,"column":19}}},"fnMap":{},"branchMap":{},"s":{"0":1,"1":1,"2":1,"3":1,"4":1,"5":1,"6":1,"7":1,"8":1},"f":{},"b":{},"_coverageSchema":"43e27e138ebf9cfc5966b082cf9a028302ed4184","hash":"6b186f12eb9a772005aadb8380ce45f89320316f"}
,"/home/detonih/codenation/nodejs-7/src/routes/animals.js": {"path":"/home/detonih/codenation/nodejs-7/src/routes/animals.js","statementMap":{"0":{"start":{"line":1,"column":16},"end":{"line":1,"column":34}},"1":{"start":{"line":2,"column":15},"end":{"line":2,"column":31}},"2":{"start":{"line":9,"column":4},"end":{"line":9,"column":46}},"3":{"start":{"line":11,"column":0},"end":{"line":11,"column":24}},"4":{"start":{"line":13,"column":0},"end":{"line":13,"column":34}},"5":{"start":{"line":15,"column":0},"end":{"line":15,"column":25}},"6":{"start":{"line":17,"column":0},"end":{"line":17,"column":35}},"7":{"start":{"line":19,"column":0},"end":{"line":19,"column":37}},"8":{"start":{"line":21,"column":0},"end":{"line":21,"column":24}}},"fnMap":{},"branchMap":{},"s":{"0":1,"1":1,"2":1,"3":1,"4":1,"5":1,"6":1,"7":1,"8":1},"f":{},"b":{},"_coverageSchema":"43e27e138ebf9cfc5966b082cf9a028302ed4184","hash":"4bc701f97728ead84e8b87552b9ab98917c435ed"}
,"/home/detonih/codenation/nodejs-7/src/routes/index.js": {"path":"/home/detonih/codenation/nodejs-7/src/routes/index.js","statementMap":{"0":{"start":{"line":1,"column":16},"end":{"line":1,"column":34}},"1":{"start":{"line":2,"column":15},"end":{"line":2,"column":31}},"2":{"start":{"line":3,"column":16},"end":{"line":3,"column":36}},"3":{"start":{"line":5,"column":0},"end":{"line":9,"column":2}},"4":{"start":{"line":6,"column":2},"end":{"line":8,"column":4}},"5":{"start":{"line":11,"column":0},"end":{"line":11,"column":32}},"6":{"start":{"line":13,"column":0},"end":{"line":13,"column":23}}},"fnMap":{"0":{"name":"(anonymous_0)","decl":{"start":{"line":5,"column":16},"end":{"line":5,"column":17}},"loc":{"start":{"line":5,"column":30},"end":{"line":9,"column":1}},"line":5}},"branchMap":{},"s":{"0":1,"1":1,"2":1,"3":1,"4":0,"5":1,"6":1},"f":{"0":0},"b":{},"_coverageSchema":"43e27e138ebf9cfc5966b082cf9a028302ed4184","hash":"ea179a1a15df018546bd665b2401afa97eedcfc1"}
}
