TN:
SF:/home/detonih/codenation/nodejs-7/src/server.js
FN:10,(anonymous_0)
FN:11,(anonymous_1)
FN:16,(anonymous_2)
FN:17,(anonymous_3)
FNF:4
FNH:0
FNDA:0,(anonymous_0)
FNDA:0,(anonymous_1)
FNDA:0,(anonymous_2)
FNDA:0,(anonymous_3)
DA:1,1
DA:2,1
DA:3,1
DA:4,1
DA:6,1
DA:8,1
DA:10,1
DA:11,0
DA:12,0
DA:16,1
DA:17,0
DA:18,0
DA:22,1
LF:13
LH:9
BRDA:10,0,0,0
BRF:1
BRH:0
end_of_record
TN:
SF:/home/detonih/codenation/nodejs-7/src/controller/animalsController.js
FN:3,(anonymous_0)
FN:16,(anonymous_1)
FN:33,(anonymous_2)
FN:45,(anonymous_3)
FN:62,(anonymous_4)
FNF:5
FNH:4
FNDA:1,(anonymous_0)
FNDA:1,(anonymous_1)
FNDA:1,(anonymous_2)
FNDA:2,(anonymous_3)
FNDA:0,(anonymous_4)
DA:1,1
DA:3,1
DA:4,1
DA:5,1
DA:7,1
DA:12,0
DA:16,1
DA:17,1
DA:18,1
DA:19,1
DA:25,1
DA:33,1
DA:34,1
DA:35,1
DA:37,1
DA:41,0
DA:45,1
DA:46,2
DA:47,2
DA:48,2
DA:54,2
DA:58,0
DA:62,1
DA:63,0
DA:64,0
DA:65,0
DA:71,0
DA:73,0
DA:77,1
LF:29
LH:21
BRF:0
BRH:0
end_of_record
TN:
SF:/home/detonih/codenation/nodejs-7/src/model/animals.js
FN:2,(anonymous_0)
FNF:1
FNH:1
FNDA:1,(anonymous_0)
DA:2,1
DA:3,1
DA:20,1
LF:3
LH:3
BRF:0
BRH:0
end_of_record
TN:
SF:/home/detonih/codenation/nodejs-7/src/model/index.js
FNF:0
FNH:0
DA:1,1
DA:2,1
DA:3,1
DA:5,1
DA:16,1
DA:20,1
DA:22,1
DA:23,1
DA:25,1
LF:9
LH:9
BRF:0
BRH:0
end_of_record
TN:
SF:/home/detonih/codenation/nodejs-7/src/routes/animals.js
FNF:0
FNH:0
DA:1,1
DA:2,1
DA:9,1
DA:11,1
DA:13,1
DA:15,1
DA:17,1
DA:19,1
DA:21,1
LF:9
LH:9
BRF:0
BRH:0
end_of_record
TN:
SF:/home/detonih/codenation/nodejs-7/src/routes/index.js
FN:5,(anonymous_0)
FNF:1
FNH:0
FNDA:0,(anonymous_0)
DA:1,1
DA:2,1
DA:3,1
DA:5,1
DA:6,0
DA:11,1
DA:13,1
LF:7
LH:6
BRF:0
BRH:0
end_of_record
